0 verbose cli C:\Users\Влад\AppData\Local\Application Inspector Analyzer\utils\JSA\ecma\node.exe C:\Users\Влад\AppData\Local\Application Inspector Analyzer\utils\JSA\ecma\node_modules\npm\bin\npm-cli.js
1 info using npm@9.6.7
2 info using node@v18.17.0
3 timing npm:load:whichnode Completed in 2ms
4 timing config:load:defaults Completed in 2ms
5 timing config:load:file:C:\Users\Влад\AppData\Local\Application Inspector Analyzer\utils\JSA\ecma\node_modules\npm\npmrc Completed in 4ms
6 timing config:load:builtin Completed in 4ms
7 timing config:load:cli Completed in 3ms
8 timing config:load:env Completed in 1ms
9 timing config:load:file:c:\Users\Влад\Desktop\Пары\DevOps\Lab2\.npmrc Completed in 0ms
10 timing config:load:project Completed in 2ms
11 timing config:load:file:C:\Users\Влад\.npmrc Completed in 0ms
12 timing config:load:user Completed in 1ms
13 timing config:load:file:C:\Users\Влад\AppData\Roaming\npm\etc\npmrc Completed in 0ms
14 timing config:load:global Completed in 0ms
15 timing config:load:setEnvs Completed in 1ms
16 timing config:load Completed in 15ms
17 timing npm:load:configload Completed in 15ms
18 timing npm:load:mkdirpcache Completed in 0ms
19 timing npm:load:mkdirplogs Completed in 1ms
20 verbose title npm install
21 verbose argv "install" "--logs-dir" "c:\\Users\\Влад\\Desktop\\Пары\\DevOps\\Lab2\\.ai\\Logs\\Infrastructure\\2025-04-14-20-18-20\\JavaScript\\npm_logs" "--scripts-prepend-node-path" "true" "--ignore-scripts" "true"
22 timing npm:load:setTitle Completed in 2ms
23 timing config:load:flatten Completed in 2ms
24 timing npm:load:display Completed in 3ms
25 verbose logfile logs-max:10 dir:c:\Users\Влад\Desktop\Пары\DevOps\Lab2\.ai\Logs\Infrastructure\2025-04-14-20-18-20\JavaScript\npm_logs\2025-04-14T10_27_33_375Z-
26 verbose logfile c:\Users\Влад\Desktop\Пары\DevOps\Lab2\.ai\Logs\Infrastructure\2025-04-14-20-18-20\JavaScript\npm_logs\2025-04-14T10_27_33_375Z-debug-0.log
27 timing npm:load:logFile Completed in 9ms
28 timing npm:load:timers Completed in 1ms
29 timing npm:load:configScope Completed in 0ms
30 timing npm:load Completed in 33ms
31 timing arborist:ctor Completed in 0ms
32 timing idealTree Completed in 2ms
33 timing command:install Completed in 63ms
34 verbose stack JSONParseError: Unexpected end of JSON input while parsing empty string
34 verbose stack     at C:\Users\Влад\AppData\Local\Application Inspector Analyzer\utils\JSA\ecma\node_modules\npm\node_modules\read-package-json-fast\lib\index.js:7:61
34 verbose stack     at async #initTree (C:\Users\Влад\AppData\Local\Application Inspector Analyzer\utils\JSA\ecma\node_modules\npm\node_modules\@npmcli\arborist\lib\arborist\build-ideal-tree.js:280:21)
34 verbose stack     at async Arborist.buildIdealTree (C:\Users\Влад\AppData\Local\Application Inspector Analyzer\utils\JSA\ecma\node_modules\npm\node_modules\@npmcli\arborist\lib\arborist\build-ideal-tree.js:193:7)
34 verbose stack     at async Promise.all (index 1)
34 verbose stack     at async Arborist.reify (C:\Users\Влад\AppData\Local\Application Inspector Analyzer\utils\JSA\ecma\node_modules\npm\node_modules\@npmcli\arborist\lib\arborist\reify.js:159:5)
34 verbose stack     at async Install.exec (C:\Users\Влад\AppData\Local\Application Inspector Analyzer\utils\JSA\ecma\node_modules\npm\lib\commands\install.js:147:5)
34 verbose stack     at async module.exports (C:\Users\Влад\AppData\Local\Application Inspector Analyzer\utils\JSA\ecma\node_modules\npm\lib\cli.js:89:5)
35 verbose cwd c:\Users\Влад\Desktop\Пары\DevOps\Lab2
36 verbose Windows_NT 10.0.26100
37 verbose node v18.17.0
38 verbose npm  v9.6.7
39 error code EJSONPARSE
40 error path c:\Users\Влад\Desktop\Пары\DevOps\Lab2/package.json
41 error JSON.parse Unexpected end of JSON input while parsing empty string
42 error JSON.parse Failed to parse JSON data.
42 error JSON.parse Note: package.json must be actual JSON, not just JavaScript.
43 verbose exit 1
44 timing npm Completed in 596ms
45 verbose unfinished npm timer reify 1744626453905
46 verbose unfinished npm timer reify:loadTrees 1744626453962
47 verbose unfinished npm timer idealTree:init 1744626453963
48 verbose code 1
49 error A complete log of this run can be found in: c:\Users\Влад\Desktop\Пары\DevOps\Lab2\.ai\Logs\Infrastructure\2025-04-14-20-18-20\JavaScript\npm_logs\2025-04-14T10_27_33_375Z-debug-0.log
