=== puma startup: 2025-04-27 09:45:18 +0000 ===
{"timestamp":"2025-04-27T09:45:19.452Z","pid":820,"message":"- Worker 0 (PID: 1135) booted in 0.69s, phase: 0"}
{"timestamp":"2025-04-27T09:45:19.539Z","pid":820,"message":"- Worker 5 (PID: 1145) booted in 0.66s, phase: 0"}
{"timestamp":"2025-04-27T09:45:19.661Z","pid":820,"message":"- Worker 2 (PID: 1139) booted in 0.87s, phase: 0"}
{"timestamp":"2025-04-27T09:45:19.678Z","pid":820,"message":"- Worker 3 (PID: 1141) booted in 0.86s, phase: 0"}
{"timestamp":"2025-04-27T09:45:19.734Z","pid":820,"message":"- Worker 1 (PID: 1137) booted in 0.96s, phase: 0"}
{"timestamp":"2025-04-27T09:45:19.796Z","pid":820,"message":"- Worker 4 (PID: 1143) booted in 0.96s, phase: 0"}
=== puma startup: 2025-04-27 09:52:26 +0000 ===
{"timestamp":"2025-04-27T09:52:27.197Z","pid":483,"message":"- Worker 0 (PID: 770) booted in 0.59s, phase: 0"}
{"timestamp":"2025-04-27T09:52:27.236Z","pid":483,"message":"- Worker 1 (PID: 772) booted in 0.61s, phase: 0"}
{"timestamp":"2025-04-27T09:52:27.242Z","pid":483,"message":"- Worker 4 (PID: 778) booted in 0.57s, phase: 0"}
{"timestamp":"2025-04-27T09:52:27.331Z","pid":483,"message":"- Worker 2 (PID: 774) booted in 0.69s, phase: 0"}
{"timestamp":"2025-04-27T09:52:27.393Z","pid":483,"message":"- Worker 3 (PID: 776) booted in 0.73s, phase: 0"}
{"timestamp":"2025-04-27T09:52:27.449Z","pid":483,"message":"- Worker 5 (PID: 780) booted in 0.74s, phase: 0"}
=== puma startup: 2025-04-27 09:58:32 +0000 ===
{"timestamp":"2025-04-27T09:58:33.063Z","pid":481,"message":"- Worker 0 (PID: 731) booted in 0.88s, phase: 0"}
{"timestamp":"2025-04-27T09:58:33.204Z","pid":481,"message":"- Worker 3 (PID: 737) booted in 0.98s, phase: 0"}
{"timestamp":"2025-04-27T09:58:33.380Z","pid":481,"message":"- Worker 5 (PID: 741) booted in 1.12s, phase: 0"}
{"timestamp":"2025-04-27T09:58:33.407Z","pid":481,"message":"- Worker 4 (PID: 739) booted in 1.17s, phase: 0"}
{"timestamp":"2025-04-27T09:58:33.496Z","pid":481,"message":"- Worker 1 (PID: 733) booted in 1.3s, phase: 0"}
{"timestamp":"2025-04-27T09:58:33.498Z","pid":481,"message":"- Worker 2 (PID: 735) booted in 1.29s, phase: 0"}
{"timestamp":"2025-04-27T13:08:46.800Z","pid":481,"message":"! Terminating timed out worker (Worker 0 failed to check in within 60 seconds): 731"}
{"timestamp":"2025-04-27T13:08:46.801Z","pid":481,"message":"! Terminating timed out worker (Worker 2 failed to check in within 60 seconds): 735"}
{"timestamp":"2025-04-27T13:08:46.801Z","pid":481,"message":"! Terminating timed out worker (Worker 3 failed to check in within 60 seconds): 737"}
{"timestamp":"2025-04-27T13:08:46.802Z","pid":481,"message":"! Terminating timed out worker (Worker 4 failed to check in within 60 seconds): 739"}
{"timestamp":"2025-04-27T13:08:46.802Z","pid":481,"message":"! Terminating timed out worker (Worker 5 failed to check in within 60 seconds): 741"}
{"timestamp":"2025-04-27T13:08:52.355Z","pid":481,"message":"- Worker 5 (PID: 1387) booted in 5.04s, phase: 0"}
{"timestamp":"2025-04-27T13:08:52.420Z","pid":481,"message":"- Worker 0 (PID: 1389) booted in 5.05s, phase: 0"}
{"timestamp":"2025-04-27T13:08:52.607Z","pid":481,"message":"- Worker 4 (PID: 1393) booted in 5.17s, phase: 0"}
{"timestamp":"2025-04-27T13:08:52.614Z","pid":481,"message":"- Worker 3 (PID: 1385) booted in 5.33s, phase: 0"}
{"timestamp":"2025-04-27T13:08:52.706Z","pid":481,"message":"- Worker 2 (PID: 1391) booted in 5.3s, phase: 0"}
=== puma startup: 2025-04-27 14:27:38 +0000 ===
{"timestamp":"2025-04-27T14:27:39.268Z","pid":484,"message":"- Worker 0 (PID: 772) booted in 0.49s, phase: 0"}
{"timestamp":"2025-04-27T14:27:39.269Z","pid":484,"message":"- Worker 2 (PID: 776) booted in 0.47s, phase: 0"}
{"timestamp":"2025-04-27T14:27:39.328Z","pid":484,"message":"- Worker 5 (PID: 782) booted in 0.49s, phase: 0"}
{"timestamp":"2025-04-27T14:27:39.357Z","pid":484,"message":"- Worker 3 (PID: 778) booted in 0.55s, phase: 0"}
{"timestamp":"2025-04-27T14:27:39.367Z","pid":484,"message":"- Worker 1 (PID: 774) booted in 0.58s, phase: 0"}
{"timestamp":"2025-04-27T14:27:39.461Z","pid":484,"message":"- Worker 4 (PID: 780) booted in 0.64s, phase: 0"}
=== puma startup: 2025-04-27 14:44:24 +0000 ===
{"timestamp":"2025-04-27T14:44:25.426Z","pid":478,"message":"- Worker 2 (PID: 781) booted in 0.55s, phase: 0"}
{"timestamp":"2025-04-27T14:44:25.465Z","pid":478,"message":"- Worker 0 (PID: 777) booted in 0.62s, phase: 0"}
{"timestamp":"2025-04-27T14:44:25.490Z","pid":478,"message":"- Worker 3 (PID: 783) booted in 0.6s, phase: 0"}
{"timestamp":"2025-04-27T14:44:25.513Z","pid":478,"message":"- Worker 4 (PID: 785) booted in 0.61s, phase: 0"}
{"timestamp":"2025-04-27T14:44:25.516Z","pid":478,"message":"- Worker 5 (PID: 787) booted in 0.6s, phase: 0"}
{"timestamp":"2025-04-27T14:44:25.601Z","pid":478,"message":"- Worker 1 (PID: 779) booted in 0.74s, phase: 0"}
{"timestamp":"2025-04-27T14:45:17.130Z","pid":478,"message":"=== puma shutdown: 2025-04-27 14:45:17 +0000 ==="}
{"timestamp":"2025-04-27T14:45:17.133Z","pid":478,"message":"- Goodbye!"}
{"timestamp":"2025-04-27T14:45:17.135Z","pid":478,"message":"- Gracefully shutting down workers..."}
=== puma startup: 2025-04-27 14:46:07 +0000 ===
{"timestamp":"2025-04-27T14:46:07.907Z","pid":1544,"message":"- Worker 1 (PID: 1653) booted in 0.66s, phase: 0"}
{"timestamp":"2025-04-27T14:46:07.971Z","pid":1544,"message":"- Worker 2 (PID: 1655) booted in 0.71s, phase: 0"}
{"timestamp":"2025-04-27T14:46:08.029Z","pid":1544,"message":"- Worker 0 (PID: 1651) booted in 0.8s, phase: 0"}
{"timestamp":"2025-04-27T14:46:08.041Z","pid":1544,"message":"- Worker 5 (PID: 1661) booted in 0.73s, phase: 0"}
{"timestamp":"2025-04-27T14:46:08.044Z","pid":1544,"message":"- Worker 4 (PID: 1659) booted in 0.75s, phase: 0"}
{"timestamp":"2025-04-27T14:46:08.051Z","pid":1544,"message":"- Worker 3 (PID: 1657) booted in 0.77s, phase: 0"}
=== puma startup: 2025-04-27 14:55:10 +0000 ===
{"timestamp":"2025-04-27T14:55:10.638Z","pid":480,"message":"- Worker 0 (PID: 726) booted in 0.53s, phase: 0"}
{"timestamp":"2025-04-27T14:55:10.655Z","pid":480,"message":"- Worker 2 (PID: 730) booted in 0.52s, phase: 0"}
{"timestamp":"2025-04-27T14:55:10.701Z","pid":480,"message":"- Worker 4 (PID: 734) booted in 0.53s, phase: 0"}
{"timestamp":"2025-04-27T14:55:10.783Z","pid":480,"message":"- Worker 1 (PID: 728) booted in 0.66s, phase: 0"}
{"timestamp":"2025-04-27T14:55:10.887Z","pid":480,"message":"- Worker 3 (PID: 732) booted in 0.74s, phase: 0"}
{"timestamp":"2025-04-27T14:55:10.920Z","pid":480,"message":"- Worker 5 (PID: 736) booted in 0.72s, phase: 0"}
=== puma startup: 2025-04-27 15:01:25 +0000 ===
{"timestamp":"2025-04-27T15:01:26.446Z","pid":517,"message":"- Worker 1 (PID: 761) booted in 0.7s, phase: 0"}
{"timestamp":"2025-04-27T15:01:26.456Z","pid":517,"message":"- Worker 3 (PID: 765) booted in 0.68s, phase: 0"}
{"timestamp":"2025-04-27T15:01:26.458Z","pid":517,"message":"- Worker 4 (PID: 767) booted in 0.67s, phase: 0"}
{"timestamp":"2025-04-27T15:01:26.474Z","pid":517,"message":"- Worker 0 (PID: 759) booted in 0.74s, phase: 0"}
{"timestamp":"2025-04-27T15:01:26.477Z","pid":517,"message":"- Worker 2 (PID: 763) booted in 0.72s, phase: 0"}
{"timestamp":"2025-04-27T15:01:26.548Z","pid":517,"message":"- Worker 5 (PID: 770) booted in 0.72s, phase: 0"}
=== puma startup: 2025-04-27 15:06:56 +0000 ===
{"timestamp":"2025-04-27T15:06:56.820Z","pid":501,"message":"- Worker 1 (PID: 671) booted in 0.66s, phase: 0"}
{"timestamp":"2025-04-27T15:06:56.826Z","pid":501,"message":"- Worker 2 (PID: 673) booted in 0.65s, phase: 0"}
{"timestamp":"2025-04-27T15:06:56.897Z","pid":501,"message":"- Worker 3 (PID: 675) booted in 0.71s, phase: 0"}
{"timestamp":"2025-04-27T15:06:56.902Z","pid":501,"message":"- Worker 0 (PID: 669) booted in 0.76s, phase: 0"}
{"timestamp":"2025-04-27T15:06:56.942Z","pid":501,"message":"- Worker 4 (PID: 677) booted in 0.73s, phase: 0"}
{"timestamp":"2025-04-27T15:06:57.094Z","pid":501,"message":"- Worker 5 (PID: 679) booted in 0.87s, phase: 0"}
=== puma startup: 2025-04-27 15:08:12 +0000 ===
{"timestamp":"2025-04-27T15:08:13.118Z","pid":339,"message":"- Worker 0 (PID: 705) booted in 0.5s, phase: 0"}
{"timestamp":"2025-04-27T15:08:13.144Z","pid":339,"message":"- Worker 1 (PID: 707) booted in 0.5s, phase: 0"}
{"timestamp":"2025-04-27T15:08:13.149Z","pid":339,"message":"- Worker 2 (PID: 709) booted in 0.49s, phase: 0"}
{"timestamp":"2025-04-27T15:08:13.178Z","pid":339,"message":"- Worker 3 (PID: 711) booted in 0.51s, phase: 0"}
{"timestamp":"2025-04-27T15:08:13.191Z","pid":339,"message":"- Worker 4 (PID: 713) booted in 0.51s, phase: 0"}
{"timestamp":"2025-04-27T15:08:13.227Z","pid":339,"message":"- Worker 5 (PID: 715) booted in 0.53s, phase: 0"}
=== puma startup: 2025-04-27 15:17:02 +0000 ===
{"timestamp":"2025-04-27T15:17:03.459Z","pid":495,"message":"- Worker 2 (PID: 676) booted in 0.73s, phase: 0"}
{"timestamp":"2025-04-27T15:17:03.571Z","pid":495,"message":"- Worker 4 (PID: 680) booted in 0.82s, phase: 0"}
{"timestamp":"2025-04-27T15:17:03.676Z","pid":495,"message":"- Worker 1 (PID: 674) booted in 0.97s, phase: 0"}
{"timestamp":"2025-04-27T15:17:03.694Z","pid":495,"message":"- Worker 5 (PID: 682) booted in 0.92s, phase: 0"}
{"timestamp":"2025-04-27T15:17:03.763Z","pid":495,"message":"- Worker 0 (PID: 672) booted in 1.07s, phase: 0"}
{"timestamp":"2025-04-27T15:17:03.775Z","pid":495,"message":"- Worker 3 (PID: 678) booted in 1.04s, phase: 0"}
=== puma startup: 2025-04-27 15:18:23 +0000 ===
{"timestamp":"2025-04-27T15:18:23.881Z","pid":374,"message":"- Worker 1 (PID: 705) booted in 0.5s, phase: 0"}
{"timestamp":"2025-04-27T15:18:23.928Z","pid":374,"message":"- Worker 0 (PID: 703) booted in 0.56s, phase: 0"}
{"timestamp":"2025-04-27T15:18:23.928Z","pid":374,"message":"- Worker 2 (PID: 707) booted in 0.53s, phase: 0"}
{"timestamp":"2025-04-27T15:18:23.943Z","pid":374,"message":"- Worker 4 (PID: 711) booted in 0.52s, phase: 0"}
{"timestamp":"2025-04-27T15:18:23.944Z","pid":374,"message":"- Worker 3 (PID: 709) booted in 0.53s, phase: 0"}
{"timestamp":"2025-04-27T15:18:23.968Z","pid":374,"message":"- Worker 5 (PID: 713) booted in 0.52s, phase: 0"}
